

ROOTFile /home/asus/MadGraph_Pythia_Delphes_PGS/DelphesAnalyzer_staus/PhysicsPlotter_pheno/data/DY+jets.root
Directory Staus_After_Tau_pt_min_2Taus
Process DYTOLL
SkimmingEfficiency 1
SkimmingEfficiencyError 0
NumberOfHistorgams 0
EventsAnalysed 2.91968e+07
EventsPassing 1.28375e+06
CumulativeEfficiency 0.0439687

ROOTFile /home/asus/MadGraph_Pythia_Delphes_PGS/DelphesAnalyzer_staus/PhysicsPlotter_pheno/data/W+jets.root
Directory Staus_After_Tau_pt_min_2Taus
Process wjets 
SkimmingEfficiency 1
SkimmingEfficiencyError 1
NumberOfHistorgams 20
EventsAnalysed 4.30756e+07
EventsPassing 19401
CumulativeEfficiency 0.000450394

ROOTFile /home/asus/MadGraph_Pythia_Delphes_PGS/DelphesAnalyzer_staus/PhysicsPlotter_pheno/data/signal1.root
Directory Staus_After_Tau_pt_min_2Taus
Process signal
SkimmingEfficiency 1
SkimmingEfficiencyError 0
NumberOfHistorgams 20
EventsAnalysed 1e+06
EventsPassing 212577
CumulativeEfficiency 0.212577

ROOTFile /home/asus/MadGraph_Pythia_Delphes_PGS/DelphesAnalyzer_staus/PhysicsPlotter_pheno/data/signal2.root
Directory Staus_After_Tau_pt_min_2Taus
Process signal2
SkimmingEfficiency 1
SkimmingEfficiencyError 0
NumberOfHistorgams 20
EventsAnalysed 1e+06
EventsPassing 216147
CumulativeEfficiency 0.216147
