

ROOTFile /home/alejandro/root_pheno/PhysicsPlotter_pheno/data/DY+jets_none-1.root
Directory After_electron
Process DYTOLL
SkimmingEfficiency 1
SkimmingEfficiencyError 0
NumberOfHistorgams 0
EventsAnalysed 18810
EventsPassing 0
CumulativeEfficiency 0

ROOTFile /home/alejandro/root_pheno/PhysicsPlotter_pheno/data/W+jets_none-1.root
Directory After_electron
Process wjets 
SkimmingEfficiency 1
SkimmingEfficiencyError 1
NumberOfHistorgams 33
EventsAnalysed 10619
EventsPassing 0
CumulativeEfficiency 0

ROOTFile /home/alejandro/root_pheno/PhysicsPlotter_pheno/data/singletop_none-1.root
Directory After_electron
Process singletop 
SkimmingEfficiency 1
SkimmingEfficiencyError 0
NumberOfHistorgams 33
EventsAnalysed 49062
EventsPassing 0
CumulativeEfficiency 0

ROOTFile /home/alejandro/root_pheno/PhysicsPlotter_pheno/data/monotop_none-1.root
Directory After_electron
Process signal
SkimmingEfficiency 1
SkimmingEfficiencyError 0
NumberOfHistorgams 33
EventsAnalysed 9019
EventsPassing 0
CumulativeEfficiency 0

ROOTFile /home/alejandro/root_pheno/PhysicsPlotter_pheno/data/monotop1jet_none-1.root
Directory After_electron
Process signal2
SkimmingEfficiency 1
SkimmingEfficiencyError 0
NumberOfHistorgams 33
EventsAnalysed 9880
EventsPassing 0
CumulativeEfficiency 0
