

ROOTFile /Users/florez/PhysicsPlotter_pheno/data/DY+jets.root
Directory After_bpluslep_el
Process DYTOLL
SkimmingEfficiency 1
SkimmingEfficiencyError 0
NumberOfHistorgams 0
EventsAnalysed 2.91968e+07
EventsPassing 23511
CumulativeEfficiency 0.000805259

ROOTFile /Users/florez/PhysicsPlotter_pheno/data/W+jets.root
Directory After_bpluslep_el
Process wjets 
SkimmingEfficiency 1
SkimmingEfficiencyError 1
NumberOfHistorgams 39
EventsAnalysed 4.30756e+07
EventsPassing 17809
CumulativeEfficiency 0.000413436

ROOTFile /Users/florez/PhysicsPlotter_pheno/data/singletop.root
Directory After_bpluslep_el
Process singletop 
SkimmingEfficiency 1
SkimmingEfficiencyError 0
NumberOfHistorgams 39
EventsAnalysed 4.61109e+06
EventsPassing 94945
CumulativeEfficiency 0.0205906

ROOTFile /Users/florez/PhysicsPlotter_pheno/data/monotop_left.root
Directory After_bpluslep_el
Process signal
SkimmingEfficiency 1
SkimmingEfficiencyError 0
NumberOfHistorgams 39
EventsAnalysed 2e+06
EventsPassing 6041
CumulativeEfficiency 0.0030205

ROOTFile /Users/florez/PhysicsPlotter_pheno/data/monotop_right.root
Directory After_bpluslep_el
Process signal
SkimmingEfficiency 1
SkimmingEfficiencyError 0
NumberOfHistorgams 39
EventsAnalysed 2e+06
EventsPassing 5969
CumulativeEfficiency 0.0029845

ROOTFile /Users/florez/PhysicsPlotter_pheno/data/monotop1jet_left.root
Directory After_bpluslep_el
Process signal2
SkimmingEfficiency 1
SkimmingEfficiencyError 0
NumberOfHistorgams 39
EventsAnalysed 1.05552e+06
EventsPassing 10632
CumulativeEfficiency 0.0100728

ROOTFile /Users/florez/PhysicsPlotter_pheno/data/monotop1jet_right.root
Directory After_bpluslep_el
Process signal2
SkimmingEfficiency 1
SkimmingEfficiencyError 0
NumberOfHistorgams 39
EventsAnalysed 1.04149e+06
EventsPassing 10434
CumulativeEfficiency 0.0100184
