

ROOTFile /home/ma.segura10/PhysicsPlotter_pheno/data/DY+jets.root
Directory Hadronic_After_onebjet
Process DYTOLL
SkimmingEfficiency 1
SkimmingEfficiencyError 0
NumberOfHistorgams 0
EventsAnalysed 2.91968e+07
EventsPassing 69289
CumulativeEfficiency 0.00237317

ROOTFile /home/ma.segura10/PhysicsPlotter_pheno/data/W+jets.root
Directory Hadronic_After_onebjet
Process wjets 
SkimmingEfficiency 1
SkimmingEfficiencyError 1
NumberOfHistorgams 52
EventsAnalysed 4.30756e+07
EventsPassing 77569
CumulativeEfficiency 0.00180076

ROOTFile /home/ma.segura10/PhysicsPlotter_pheno/data/singletop.root
Directory Hadronic_After_onebjet
Process singletop 
SkimmingEfficiency 1
SkimmingEfficiencyError 0
NumberOfHistorgams 52
EventsAnalysed 2.76665e+07
EventsPassing 4.88537e+06
CumulativeEfficiency 0.176581

ROOTFile /home/ma.segura10/PhysicsPlotter_pheno/data/ttbar_semileptonico.root
Directory Hadronic_After_onebjet
Process t\bar{t}-semi
SkimmingEfficiency 1
SkimmingEfficiencyError 0
NumberOfHistorgams 52
EventsAnalysed 3.09062e+07
EventsPassing 8.01109e+06
CumulativeEfficiency 0.259207

ROOTFile /home/ma.segura10/PhysicsPlotter_pheno/data/ttbar_dileptonico.root
Directory Hadronic_After_onebjet
Process t\bar{t}-di
SkimmingEfficiency 1
SkimmingEfficiencyError 0
NumberOfHistorgams 52
EventsAnalysed 1.15527e+07
EventsPassing 2.97395e+06
CumulativeEfficiency 0.257425

ROOTFile /home/ma.segura10/PhysicsPlotter_pheno/data/monotop1jet_left.root
Directory Hadronic_After_onebjet
Process signal2
SkimmingEfficiency 1
SkimmingEfficiencyError 0
NumberOfHistorgams 52
EventsAnalysed 1.05552e+06
EventsPassing 500126
CumulativeEfficiency 0.47382

ROOTFile /home/ma.segura10/PhysicsPlotter_pheno/data/monotop1jet_right.root
Directory Hadronic_After_onebjet
Process signal2
SkimmingEfficiency 1
SkimmingEfficiencyError 0
NumberOfHistorgams 52
EventsAnalysed 1.04149e+06
EventsPassing 428750
CumulativeEfficiency 0.411671

ROOTFile /home/ma.segura10/PhysicsPlotter_pheno/data/monotop1jet_full.root
Directory Hadronic_After_onebjet
Process signal2
SkimmingEfficiency 1
SkimmingEfficiencyError 0
NumberOfHistorgams 52
EventsAnalysed 436060
EventsPassing 188390
CumulativeEfficiency 0.432028
